Determining if the pthread_create exist failed with the following output:
Change Dir: /capstone/destiny_awaits/ros/build/CMakeFiles/CMakeTmp

Run Build Command:"/usr/bin/make" "cmTC_82483/fast"
/usr/bin/make -f CMakeFiles/cmTC_82483.dir/build.make CMakeFiles/cmTC_82483.dir/build
make[1]: Entering directory '/capstone/destiny_awaits/ros/build/CMakeFiles/CMakeTmp'
Building C object CMakeFiles/cmTC_82483.dir/CheckSymbolExists.c.o
/usr/bin/cc     -o CMakeFiles/cmTC_82483.dir/CheckSymbolExists.c.o   -c /capstone/destiny_awaits/ros/build/CMakeFiles/CMakeTmp/CheckSymbolExists.c
Linking C executable cmTC_82483
/usr/bin/cmake -E cmake_link_script CMakeFiles/cmTC_82483.dir/link.txt --verbose=1
/usr/bin/cc       CMakeFiles/cmTC_82483.dir/CheckSymbolExists.c.o  -o cmTC_82483 -rdynamic 
CMakeFiles/cmTC_82483.dir/CheckSymbolExists.c.o: In function `main':
CheckSymbolExists.c:(.text+0x16): undefined reference to `pthread_create'
collect2: error: ld returned 1 exit status
CMakeFiles/cmTC_82483.dir/build.make:97: recipe for target 'cmTC_82483' failed
make[1]: *** [cmTC_82483] Error 1
make[1]: Leaving directory '/capstone/destiny_awaits/ros/build/CMakeFiles/CMakeTmp'
Makefile:126: recipe for target 'cmTC_82483/fast' failed
make: *** [cmTC_82483/fast] Error 2

File /capstone/destiny_awaits/ros/build/CMakeFiles/CMakeTmp/CheckSymbolExists.c:
/* */
#include <pthread.h>

int main(int argc, char** argv)
{
  (void)argv;
#ifndef pthread_create
  return ((int*)(&pthread_create))[argc];
#else
  (void)argc;
  return 0;
#endif
}

Determining if the function pthread_create exists in the pthreads failed with the following output:
Change Dir: /capstone/destiny_awaits/ros/build/CMakeFiles/CMakeTmp

Run Build Command:"/usr/bin/make" "cmTC_8e1fa/fast"
/usr/bin/make -f CMakeFiles/cmTC_8e1fa.dir/build.make CMakeFiles/cmTC_8e1fa.dir/build
make[1]: Entering directory '/capstone/destiny_awaits/ros/build/CMakeFiles/CMakeTmp'
Building C object CMakeFiles/cmTC_8e1fa.dir/CheckFunctionExists.c.o
/usr/bin/cc    -DCHECK_FUNCTION_EXISTS=pthread_create   -o CMakeFiles/cmTC_8e1fa.dir/CheckFunctionExists.c.o   -c /usr/share/cmake-3.5/Modules/CheckFunctionExists.c
Linking C executable cmTC_8e1fa
/usr/bin/cmake -E cmake_link_script CMakeFiles/cmTC_8e1fa.dir/link.txt --verbose=1
/usr/bin/cc   -DCHECK_FUNCTION_EXISTS=pthread_create    CMakeFiles/cmTC_8e1fa.dir/CheckFunctionExists.c.o  -o cmTC_8e1fa -rdynamic -lpthreads 
/usr/bin/ld: cannot find -lpthreads
collect2: error: ld returned 1 exit status
CMakeFiles/cmTC_8e1fa.dir/build.make:97: recipe for target 'cmTC_8e1fa' failed
make[1]: *** [cmTC_8e1fa] Error 1
make[1]: Leaving directory '/capstone/destiny_awaits/ros/build/CMakeFiles/CMakeTmp'
Makefile:126: recipe for target 'cmTC_8e1fa/fast' failed
make: *** [cmTC_8e1fa/fast] Error 2


